[15-Sep-2019 01:01:41 Europe/Moscow] PHP Notice:  Undefined index: session in F:\OpenServer\domains\PhotoGallery\settings\auth.php on line 11
[15-Sep-2019 01:01:41 Europe/Moscow] PHP Warning:  require_once(./../settings/config.php): failed to open stream: No such file or directory in F:\OpenServer\domains\PhotoGallery\_install\_install.php on line 5
[15-Sep-2019 01:01:41 Europe/Moscow] PHP Fatal error:  require_once(): Failed opening required './../settings/config.php' (include_path='.;f:/openserver/modules/php/PHP_7.2-x64;f:/openserver/modules/php/PHP_7.2-x64/PEAR/pear') in F:\OpenServer\domains\PhotoGallery\_install\_install.php on line 5
[15-Sep-2019 01:01:48 Europe/Moscow] PHP Fatal error:  Uncaught Exception: SafeMySQL: Table 'photogallery.app_user' doesn't exist. Full query: [
				SELECT 
					*
				FROM app_user
				WHERE
					app_user.login = 'ivan'
			] in F:\OpenServer\domains\PhotoGallery\vendor\class\safemysql.class.php:609
Stack trace:
#0 F:\OpenServer\domains\PhotoGallery\vendor\class\safemysql.class.php(469): SafeMySQL->error('SafeMySQL: Tabl...')
#1 F:\OpenServer\domains\PhotoGallery\vendor\class\safemysql.class.php(213): SafeMySQL->rawQuery('\n\t\t\t\tSELECT \n\t\t...')
#2 F:\OpenServer\domains\PhotoGallery\settings\Control.php(38): SafeMySQL->getRow('\n\t\t\t\tSELECT \n\t\t...')
#3 F:\OpenServer\domains\PhotoGallery\backend\core\core.user.php(29): Control::userInfo(0, 'ivan')
#4 {main}
  thrown in F:\OpenServer\domains\PhotoGallery\vendor\class\safemysql.class.php on line 609
[15-Sep-2019 01:01:52 Europe/Moscow] PHP Fatal error:  Uncaught Exception: SafeMySQL: Table 'photogallery.app_user' doesn't exist. Full query: [
				SELECT 
					*
				FROM app_user
				WHERE
					app_user.login = 'ivan'
			] in F:\OpenServer\domains\PhotoGallery\vendor\class\safemysql.class.php:609
Stack trace:
#0 F:\OpenServer\domains\PhotoGallery\vendor\class\safemysql.class.php(469): SafeMySQL->error('SafeMySQL: Tabl...')
#1 F:\OpenServer\domains\PhotoGallery\vendor\class\safemysql.class.php(213): SafeMySQL->rawQuery('\n\t\t\t\tSELECT \n\t\t...')
#2 F:\OpenServer\domains\PhotoGallery\settings\Control.php(38): SafeMySQL->getRow('\n\t\t\t\tSELECT \n\t\t...')
#3 F:\OpenServer\domains\PhotoGallery\backend\core\core.user.php(29): Control::userInfo(0, 'ivan')
#4 {main}
  thrown in F:\OpenServer\domains\PhotoGallery\vendor\class\safemysql.class.php on line 609
[15-Sep-2019 01:02:45 Europe/Moscow] PHP Notice:  Undefined index: session in F:\OpenServer\domains\PhotoGallery\settings\auth.php on line 11
[15-Sep-2019 01:02:45 Europe/Moscow] PHP Notice:  Undefined index: session in F:\OpenServer\domains\PhotoGallery\index.php on line 11
[15-Sep-2019 01:02:45 Europe/Moscow] PHP Fatal error:  Uncaught Exception: SafeMySQL: Table 'photogallery.app_user' doesn't exist. Full query: [
				SELECT 
					*
				FROM app_user
				WHERE
					app_user.login = ''
			] in F:\OpenServer\domains\PhotoGallery\vendor\class\safemysql.class.php:609
Stack trace:
#0 F:\OpenServer\domains\PhotoGallery\vendor\class\safemysql.class.php(469): SafeMySQL->error('SafeMySQL: Tabl...')
#1 F:\OpenServer\domains\PhotoGallery\vendor\class\safemysql.class.php(213): SafeMySQL->rawQuery('\n\t\t\t\tSELECT \n\t\t...')
#2 F:\OpenServer\domains\PhotoGallery\settings\Control.php(38): SafeMySQL->getRow('\n\t\t\t\tSELECT \n\t\t...')
#3 F:\OpenServer\domains\PhotoGallery\index.php(11): Control::userInfo(NULL)
#4 {main}
  thrown in F:\OpenServer\domains\PhotoGallery\vendor\class\safemysql.class.php on line 609
[15-Sep-2019 01:02:45 Europe/Moscow] PHP Warning:  require_once(./../settings/config.php): failed to open stream: No such file or directory in F:\OpenServer\domains\PhotoGallery\_install\_install.php on line 5
[15-Sep-2019 01:02:45 Europe/Moscow] PHP Fatal error:  require_once(): Failed opening required './../settings/config.php' (include_path='.;f:/openserver/modules/php/PHP_7.2-x64;f:/openserver/modules/php/PHP_7.2-x64/PEAR/pear') in F:\OpenServer\domains\PhotoGallery\_install\_install.php on line 5
[15-Sep-2019 01:02:48 Europe/Moscow] PHP Warning:  require_once(./../settings/config.php): failed to open stream: No such file or directory in F:\OpenServer\domains\PhotoGallery\_install\_install.php on line 5
[15-Sep-2019 01:02:48 Europe/Moscow] PHP Fatal error:  require_once(): Failed opening required './../settings/config.php' (include_path='.;f:/openserver/modules/php/PHP_7.2-x64;f:/openserver/modules/php/PHP_7.2-x64/PEAR/pear') in F:\OpenServer\domains\PhotoGallery\_install\_install.php on line 5
[15-Sep-2019 01:11:41 Europe/Moscow] PHP Notice:  Undefined index: session in F:\OpenServer\domains\PhotoGallery\settings\auth.php on line 11
[15-Sep-2019 01:11:41 Europe/Moscow] PHP Notice:  Undefined index: session in F:\OpenServer\domains\PhotoGallery\index.php on line 11
[15-Sep-2019 01:11:41 Europe/Moscow] PHP Fatal error:  Uncaught Exception: SafeMySQL: Table 'photogallery.app_user' doesn't exist. Full query: [
				SELECT 
					*
				FROM app_user
				WHERE
					app_user.login = ''
			] in F:\OpenServer\domains\PhotoGallery\vendor\class\safemysql.class.php:609
Stack trace:
#0 F:\OpenServer\domains\PhotoGallery\vendor\class\safemysql.class.php(469): SafeMySQL->error('SafeMySQL: Tabl...')
#1 F:\OpenServer\domains\PhotoGallery\vendor\class\safemysql.class.php(213): SafeMySQL->rawQuery('\n\t\t\t\tSELECT \n\t\t...')
#2 F:\OpenServer\domains\PhotoGallery\settings\Control.php(38): SafeMySQL->getRow('\n\t\t\t\tSELECT \n\t\t...')
#3 F:\OpenServer\domains\PhotoGallery\index.php(11): Control::userInfo(NULL)
#4 {main}
  thrown in F:\OpenServer\domains\PhotoGallery\vendor\class\safemysql.class.php on line 609
[15-Sep-2019 01:11:48 Europe/Moscow] PHP Warning:  include(settings/func.php): failed to open stream: No such file or directory in F:\OpenServer\domains\PhotoGallery\register.php on line 6
[15-Sep-2019 01:11:48 Europe/Moscow] PHP Warning:  include(): Failed opening 'settings/func.php' for inclusion (include_path='.;f:/openserver/modules/php/PHP_7.2-x64;f:/openserver/modules/php/PHP_7.2-x64/PEAR/pear') in F:\OpenServer\domains\PhotoGallery\register.php on line 6
[15-Sep-2019 01:16:13 Europe/Moscow] PHP Warning:  include(settings/func.php): failed to open stream: No such file or directory in F:\OpenServer\domains\PhotoGallery\register.php on line 6
[15-Sep-2019 01:16:13 Europe/Moscow] PHP Warning:  include(): Failed opening 'settings/func.php' for inclusion (include_path='.;f:/openserver/modules/php/PHP_7.2-x64;f:/openserver/modules/php/PHP_7.2-x64/PEAR/pear') in F:\OpenServer\domains\PhotoGallery\register.php on line 6
[15-Sep-2019 01:19:18 Europe/Moscow] PHP Warning:  include(settings/func.php): failed to open stream: No such file or directory in F:\OpenServer\domains\PhotoGallery\register.php on line 6
[15-Sep-2019 01:19:18 Europe/Moscow] PHP Warning:  include(): Failed opening 'settings/func.php' for inclusion (include_path='.;f:/openserver/modules/php/PHP_7.2-x64;f:/openserver/modules/php/PHP_7.2-x64/PEAR/pear') in F:\OpenServer\domains\PhotoGallery\register.php on line 6
